<?xml version="1.0" encoding="UTF-8"?>
<testsuite xmlns:xsi="http://www.w3.org/2001/XMLSchema-instance" xsi:noNamespaceSchemaLocation="https://maven.apache.org/surefire/maven-surefire-plugin/xsd/surefire-test-report-3.0.xsd" version="3.0" name="es.iespuertodelacruz.jc.testcreatetable.dao.MunicipioDAOTest" time="0.493" tests="3" errors="0" skipped="0" failures="0">
  <properties>
[...]
</properties>
  <testcase name="testPais" classname="es.iespuertodelacruz.jc.testcreatetable.dao.MunicipioDAOTest" time="0.354"/>
  <testcase name="testProvincia" classname="es.iespuertodelacruz.jc.testcreatetable.dao.MunicipioDAOTest" time="0.052"/>
  <testcase name="testMunicipio" classname="es.iespuertodelacruz.jc.testcreatetable.dao.MunicipioDAOTest" time="0.079"/>
</testsuite>